<?xml version="1.0" encoding="UTF-8"?>
<!-- Generated by org.testng.reporters.JUnitReportReporter -->
<testsuite skipped="0" hostname="DESKTOP-KR2QT6O" name="BrokenLinks.BrokenLinks" tests="1" failures="0" timestamp="02 Jun 2019 16:47:16 GMT" time="9.525" errors="0">
  <testcase name="brokenLinksVerificatin" time="9.525" classname="BrokenLinks.BrokenLinks"/>
</testsuite> <!-- BrokenLinks.BrokenLinks -->
