<?xml version="1.0" encoding="UTF-8"?>
<!-- Generated by org.testng.reporters.JUnitReportReporter -->
<testsuite skipped="0" hostname="DESKTOP-KR2QT6O" name="JavaScriptExecutor.FlighSearch1" tests="1" failures="0" timestamp="02 Jun 2019 17:02:07 GMT" time="15.317" errors="0">
  <testcase name="searchFlight" time="15.317" classname="JavaScriptExecutor.FlighSearch1"/>
</testsuite> <!-- JavaScriptExecutor.FlighSearch1 -->
