<?xml version="1.0" encoding="UTF-8"?>
<!-- Generated by org.testng.reporters.JUnitReportReporter -->
<testsuite skipped="0" hostname="DESKTOP-KR2QT6O" name="BrokenLinks.ReadingPopertyFile" tests="1" failures="0" timestamp="02 Jun 2019 17:48:54 GMT" time="4.249" errors="0">
  <testcase name="readFile" time="4.249" classname="BrokenLinks.ReadingPopertyFile"/>
</testsuite> <!-- BrokenLinks.ReadingPopertyFile -->
